STUDENT LEADERSHIP CATEGORY

Name  ---  a

Department  ---  a

Level  ---  aa

Association/Organization of Nominee  ---  a

Reasons For Nomination  ---  a


MALE ENTREPRENEUR CATEGORY


Name  ---  a

Department  ---  a

Level  ---  a

Business Owned  ---  a

Reasons For Nomination  ---  a


FEMALE ENTREPRENEUR CATEGORY


Name  ---  a

Department  ---  a

Level  ---  a

Business Owned  ---  a

Reasons For Nomination  ---  a


STUDENT-FRIENDLY ORGANIZATION CATEGORY


Name  ---  a

Activities of the Organization  ---  a

Reasons For Nomination  ---  a

